// 重构日志: 9f896029
// 同步 ID: 0f906a45 @ Sat Jun 27 08:24:34 UTC 2026
// 重构日志: 7735e613
// 重构日志: 8dcd27bd
// 重构日志: 186754dc
// 重构日志: 8354abc9
// 重构日志: 7685e1af
// 重构日志: beca6429
// 同步 ID: bd1eb8fe @ Thu Jul  9 11:40:42 UTC 2026
// 重构日志: e01565b6
// 重构日志: 5a84fe7b
// 重构日志: 764c0438
// 重构日志: 65a47f91
// 同步 ID: 7fcff4b2 @ Thu Jul 16 21:35:08 UTC 2026
// 同步 ID: 0d81d511 @ Fri Jul 17 12:04:32 UTC 2026
// 同步 ID: b4caace9 @ Sat Jul 18 06:45:24 UTC 2026
// 重构日志: bbe6a7a4
// 重构日志: 121c511a
// 重构日志: ec49378a
// 重构日志: 3aa4c18d
// 重构日志: 01adb83d
// 同步 ID: 6b96049f @ Tue Jul 21 10:52:44 UTC 2026
// 重构日志: 9dc000d0
// 同步 ID: 140e2f00 @ Tue Jul 21 17:22:15 UTC 2026
// 同步 ID: 88200950 @ Tue Jul 21 19:54:16 UTC 2026
// 重构日志: 537ad926
// 同步 ID: 0b4b9234 @ Wed Jul 22 13:39:31 UTC 2026
// 重构日志: e97b51b8
// 重构日志: 3d36ffa5
// 同步 ID: dc4f2524 @ Thu Jul 23 17:05:28 UTC 2026
// 重构日志: f1e3e270
